<?xml version="1.0" encoding="UTF-8"?>
<testng-results skipped="0" failed="5" ignored="0" total="8" passed="3">
  <reporter-output>
  </reporter-output>
  <suite name="Default suite" duration-ms="26051" started-at="2017-10-25T11:32:17Z" finished-at="2017-10-25T11:32:43Z">
    <groups>
    </groups>
    <test name="Default test" duration-ms="26051" started-at="2017-10-25T11:32:17Z" finished-at="2017-10-25T11:32:43Z">
      <class name="com.mobile.automation.scripts.Mobile_Demo">
        <test-method status="PASS" signature="beforeMethod()[pri:0, instance:com.mobile.automation.scripts.Mobile_Demo@192d3247]" name="beforeMethod" is-config="true" duration-ms="14" started-at="2017-10-25T17:02:17Z" finished-at="2017-10-25T17:02:17Z">
          <reporter-output>
          </reporter-output>
        </test-method> <!-- beforeMethod -->
        <test-method status="FAIL" signature="HideKeyboardLockScreenRunAppInBackground()[pri:1, instance:com.mobile.automation.scripts.Mobile_Demo@192d3247]" name="HideKeyboardLockScreenRunAppInBackground" duration-ms="3561" started-at="2017-10-25T17:02:17Z" finished-at="2017-10-25T17:02:21Z">
          <exception class="java.lang.AssertionError">
            <full-stacktrace>
              <![CDATA[java.lang.AssertionError
	at org.junit.Assert.fail(Assert.java:86)
	at org.junit.Assert.fail(Assert.java:95)
	at com.mobile.automation.scripts.Mobile_Demo.HideKeyboardLockScreenRunAppInBackground(Mobile_Demo.java:137)
	at sun.reflect.NativeMethodAccessorImpl.invoke0(Native Method)
	at sun.reflect.NativeMethodAccessorImpl.invoke(Unknown Source)
	at sun.reflect.DelegatingMethodAccessorImpl.invoke(Unknown Source)
	at java.lang.reflect.Method.invoke(Unknown Source)
	at org.testng.internal.MethodInvocationHelper.invokeMethod(MethodInvocationHelper.java:108)
	at org.testng.internal.Invoker.invokeMethod(Invoker.java:669)
	at org.testng.internal.Invoker.invokeTestMethod(Invoker.java:877)
	at org.testng.internal.Invoker.invokeTestMethods(Invoker.java:1201)
	at org.testng.internal.TestMethodWorker.invokeTestMethods(TestMethodWorker.java:125)
	at org.testng.internal.TestMethodWorker.run(TestMethodWorker.java:109)
	at org.testng.TestRunner.privateRun(TestRunner.java:776)
	at org.testng.TestRunner.run(TestRunner.java:634)
	at org.testng.SuiteRunner.runTest(SuiteRunner.java:425)
	at org.testng.SuiteRunner.runSequentially(SuiteRunner.java:420)
	at org.testng.SuiteRunner.privateRun(SuiteRunner.java:385)
	at org.testng.SuiteRunner.run(SuiteRunner.java:334)
	at org.testng.SuiteRunnerWorker.runSuite(SuiteRunnerWorker.java:52)
	at org.testng.SuiteRunnerWorker.run(SuiteRunnerWorker.java:86)
	at org.testng.TestNG.runSuitesSequentially(TestNG.java:1318)
	at org.testng.TestNG.runSuitesLocally(TestNG.java:1243)
	at org.testng.TestNG.runSuites(TestNG.java:1161)
	at org.testng.TestNG.run(TestNG.java:1129)
	at org.testng.remote.AbstractRemoteTestNG.run(AbstractRemoteTestNG.java:114)
	at org.testng.remote.RemoteTestNG.initAndRun(RemoteTestNG.java:251)
	at org.testng.remote.RemoteTestNG.main(RemoteTestNG.java:77)
]]>
            </full-stacktrace>
          </exception> <!-- java.lang.AssertionError -->
          <reporter-output>
          </reporter-output>
        </test-method> <!-- HideKeyboardLockScreenRunAppInBackground -->
        <test-method status="PASS" signature="afterMethod()[pri:0, instance:com.mobile.automation.scripts.Mobile_Demo@192d3247]" name="afterMethod" is-config="true" duration-ms="1" started-at="2017-10-25T17:02:21Z" finished-at="2017-10-25T17:02:21Z">
          <reporter-output>
          </reporter-output>
        </test-method> <!-- afterMethod -->
        <test-method status="FAIL" signature="launchResetCloseAndRemoveApp()[pri:1, instance:com.mobile.automation.scripts.Mobile_Demo@192d3247]" name="launchResetCloseAndRemoveApp" duration-ms="3087" started-at="2017-10-25T17:02:21Z" finished-at="2017-10-25T17:02:24Z">
          <exception class="java.lang.AssertionError">
            <full-stacktrace>
              <![CDATA[java.lang.AssertionError
	at org.junit.Assert.fail(Assert.java:86)
	at org.junit.Assert.fail(Assert.java:95)
	at com.mobile.automation.scripts.Mobile_Demo.launchResetCloseAndRemoveApp(Mobile_Demo.java:96)
	at sun.reflect.NativeMethodAccessorImpl.invoke0(Native Method)
	at sun.reflect.NativeMethodAccessorImpl.invoke(Unknown Source)
	at sun.reflect.DelegatingMethodAccessorImpl.invoke(Unknown Source)
	at java.lang.reflect.Method.invoke(Unknown Source)
	at org.testng.internal.MethodInvocationHelper.invokeMethod(MethodInvocationHelper.java:108)
	at org.testng.internal.Invoker.invokeMethod(Invoker.java:669)
	at org.testng.internal.Invoker.invokeTestMethod(Invoker.java:877)
	at org.testng.internal.Invoker.invokeTestMethods(Invoker.java:1201)
	at org.testng.internal.TestMethodWorker.invokeTestMethods(TestMethodWorker.java:125)
	at org.testng.internal.TestMethodWorker.run(TestMethodWorker.java:109)
	at org.testng.TestRunner.privateRun(TestRunner.java:776)
	at org.testng.TestRunner.run(TestRunner.java:634)
	at org.testng.SuiteRunner.runTest(SuiteRunner.java:425)
	at org.testng.SuiteRunner.runSequentially(SuiteRunner.java:420)
	at org.testng.SuiteRunner.privateRun(SuiteRunner.java:385)
	at org.testng.SuiteRunner.run(SuiteRunner.java:334)
	at org.testng.SuiteRunnerWorker.runSuite(SuiteRunnerWorker.java:52)
	at org.testng.SuiteRunnerWorker.run(SuiteRunnerWorker.java:86)
	at org.testng.TestNG.runSuitesSequentially(TestNG.java:1318)
	at org.testng.TestNG.runSuitesLocally(TestNG.java:1243)
	at org.testng.TestNG.runSuites(TestNG.java:1161)
	at org.testng.TestNG.run(TestNG.java:1129)
	at org.testng.remote.AbstractRemoteTestNG.run(AbstractRemoteTestNG.java:114)
	at org.testng.remote.RemoteTestNG.initAndRun(RemoteTestNG.java:251)
	at org.testng.remote.RemoteTestNG.main(RemoteTestNG.java:77)
]]>
            </full-stacktrace>
          </exception> <!-- java.lang.AssertionError -->
          <reporter-output>
          </reporter-output>
        </test-method> <!-- launchResetCloseAndRemoveApp -->
        <test-method status="PASS" signature="beforeMethod()[pri:0, instance:com.mobile.automation.scripts.Mobile_Demo@192d3247]" name="beforeMethod" is-config="true" duration-ms="0" started-at="2017-10-25T17:02:21Z" finished-at="2017-10-25T17:02:21Z">
          <reporter-output>
          </reporter-output>
        </test-method> <!-- beforeMethod -->
        <test-method status="PASS" signature="afterMethod()[pri:0, instance:com.mobile.automation.scripts.Mobile_Demo@192d3247]" name="afterMethod" is-config="true" duration-ms="1" started-at="2017-10-25T17:02:24Z" finished-at="2017-10-25T17:02:24Z">
          <reporter-output>
          </reporter-output>
        </test-method> <!-- afterMethod -->
        <test-method status="PASS" signature="beforeMethod()[pri:0, instance:com.mobile.automation.scripts.Mobile_Demo@192d3247]" name="beforeMethod" is-config="true" duration-ms="0" started-at="2017-10-25T17:02:24Z" finished-at="2017-10-25T17:02:24Z">
          <reporter-output>
          </reporter-output>
        </test-method> <!-- beforeMethod -->
        <test-method status="PASS" signature="mobileGesture()[pri:1, instance:com.mobile.automation.scripts.Mobile_Demo@192d3247]" name="mobileGesture" duration-ms="3005" started-at="2017-10-25T17:02:24Z" finished-at="2017-10-25T17:02:27Z">
          <reporter-output>
          </reporter-output>
        </test-method> <!-- mobileGesture -->
        <test-method status="PASS" signature="afterMethod()[pri:0, instance:com.mobile.automation.scripts.Mobile_Demo@192d3247]" name="afterMethod" is-config="true" duration-ms="0" started-at="2017-10-25T17:02:27Z" finished-at="2017-10-25T17:02:27Z">
          <reporter-output>
          </reporter-output>
        </test-method> <!-- afterMethod -->
        <test-method status="PASS" signature="pullPushFile()[pri:1, instance:com.mobile.automation.scripts.Mobile_Demo@192d3247]" name="pullPushFile" duration-ms="3207" started-at="2017-10-25T17:02:27Z" finished-at="2017-10-25T17:02:30Z">
          <reporter-output>
          </reporter-output>
        </test-method> <!-- pullPushFile -->
        <test-method status="PASS" signature="beforeMethod()[pri:0, instance:com.mobile.automation.scripts.Mobile_Demo@192d3247]" name="beforeMethod" is-config="true" duration-ms="0" started-at="2017-10-25T17:02:27Z" finished-at="2017-10-25T17:02:27Z">
          <reporter-output>
          </reporter-output>
        </test-method> <!-- beforeMethod -->
        <test-method status="FAIL" signature="setGeoLocationUseUiAutomatorMethodDirectly()[pri:1, instance:com.mobile.automation.scripts.Mobile_Demo@192d3247]" name="setGeoLocationUseUiAutomatorMethodDirectly" duration-ms="3020" started-at="2017-10-25T17:02:30Z" finished-at="2017-10-25T17:02:33Z">
          <exception class="java.lang.AssertionError">
            <full-stacktrace>
              <![CDATA[java.lang.AssertionError
	at org.junit.Assert.fail(Assert.java:86)
	at org.junit.Assert.fail(Assert.java:95)
	at com.mobile.automation.scripts.Mobile_Demo.setGeoLocationUseUiAutomatorMethodDirectly(Mobile_Demo.java:116)
	at sun.reflect.NativeMethodAccessorImpl.invoke0(Native Method)
	at sun.reflect.NativeMethodAccessorImpl.invoke(Unknown Source)
	at sun.reflect.DelegatingMethodAccessorImpl.invoke(Unknown Source)
	at java.lang.reflect.Method.invoke(Unknown Source)
	at org.testng.internal.MethodInvocationHelper.invokeMethod(MethodInvocationHelper.java:108)
	at org.testng.internal.Invoker.invokeMethod(Invoker.java:669)
	at org.testng.internal.Invoker.invokeTestMethod(Invoker.java:877)
	at org.testng.internal.Invoker.invokeTestMethods(Invoker.java:1201)
	at org.testng.internal.TestMethodWorker.invokeTestMethods(TestMethodWorker.java:125)
	at org.testng.internal.TestMethodWorker.run(TestMethodWorker.java:109)
	at org.testng.TestRunner.privateRun(TestRunner.java:776)
	at org.testng.TestRunner.run(TestRunner.java:634)
	at org.testng.SuiteRunner.runTest(SuiteRunner.java:425)
	at org.testng.SuiteRunner.runSequentially(SuiteRunner.java:420)
	at org.testng.SuiteRunner.privateRun(SuiteRunner.java:385)
	at org.testng.SuiteRunner.run(SuiteRunner.java:334)
	at org.testng.SuiteRunnerWorker.runSuite(SuiteRunnerWorker.java:52)
	at org.testng.SuiteRunnerWorker.run(SuiteRunnerWorker.java:86)
	at org.testng.TestNG.runSuitesSequentially(TestNG.java:1318)
	at org.testng.TestNG.runSuitesLocally(TestNG.java:1243)
	at org.testng.TestNG.runSuites(TestNG.java:1161)
	at org.testng.TestNG.run(TestNG.java:1129)
	at org.testng.remote.AbstractRemoteTestNG.run(AbstractRemoteTestNG.java:114)
	at org.testng.remote.RemoteTestNG.initAndRun(RemoteTestNG.java:251)
	at org.testng.remote.RemoteTestNG.main(RemoteTestNG.java:77)
]]>
            </full-stacktrace>
          </exception> <!-- java.lang.AssertionError -->
          <reporter-output>
          </reporter-output>
        </test-method> <!-- setGeoLocationUseUiAutomatorMethodDirectly -->
        <test-method status="PASS" signature="beforeMethod()[pri:0, instance:com.mobile.automation.scripts.Mobile_Demo@192d3247]" name="beforeMethod" is-config="true" duration-ms="0" started-at="2017-10-25T17:02:30Z" finished-at="2017-10-25T17:02:30Z">
          <reporter-output>
          </reporter-output>
        </test-method> <!-- beforeMethod -->
        <test-method status="PASS" signature="afterMethod()[pri:0, instance:com.mobile.automation.scripts.Mobile_Demo@192d3247]" name="afterMethod" is-config="true" duration-ms="0" started-at="2017-10-25T17:02:30Z" finished-at="2017-10-25T17:02:30Z">
          <reporter-output>
          </reporter-output>
        </test-method> <!-- afterMethod -->
        <test-method status="PASS" signature="afterMethod()[pri:0, instance:com.mobile.automation.scripts.Mobile_Demo@192d3247]" name="afterMethod" is-config="true" duration-ms="0" started-at="2017-10-25T17:02:33Z" finished-at="2017-10-25T17:02:33Z">
          <reporter-output>
          </reporter-output>
        </test-method> <!-- afterMethod -->
        <test-method status="FAIL" signature="switchBtwDifferentAppActivityAndScrollInList()[pri:1, instance:com.mobile.automation.scripts.Mobile_Demo@192d3247]" name="switchBtwDifferentAppActivityAndScrollInList" duration-ms="4052" started-at="2017-10-25T17:02:33Z" finished-at="2017-10-25T17:02:37Z">
          <exception class="java.lang.NullPointerException">
            <full-stacktrace>
              <![CDATA[java.lang.NullPointerException
	at com.mobile.automation.scripts.Mobile_Demo.switchBtwDifferentAppActivityAndScrollInList(Mobile_Demo.java:148)
	at sun.reflect.NativeMethodAccessorImpl.invoke0(Native Method)
	at sun.reflect.NativeMethodAccessorImpl.invoke(Unknown Source)
	at sun.reflect.DelegatingMethodAccessorImpl.invoke(Unknown Source)
	at java.lang.reflect.Method.invoke(Unknown Source)
	at org.testng.internal.MethodInvocationHelper.invokeMethod(MethodInvocationHelper.java:108)
	at org.testng.internal.Invoker.invokeMethod(Invoker.java:669)
	at org.testng.internal.Invoker.invokeTestMethod(Invoker.java:877)
	at org.testng.internal.Invoker.invokeTestMethods(Invoker.java:1201)
	at org.testng.internal.TestMethodWorker.invokeTestMethods(TestMethodWorker.java:125)
	at org.testng.internal.TestMethodWorker.run(TestMethodWorker.java:109)
	at org.testng.TestRunner.privateRun(TestRunner.java:776)
	at org.testng.TestRunner.run(TestRunner.java:634)
	at org.testng.SuiteRunner.runTest(SuiteRunner.java:425)
	at org.testng.SuiteRunner.runSequentially(SuiteRunner.java:420)
	at org.testng.SuiteRunner.privateRun(SuiteRunner.java:385)
	at org.testng.SuiteRunner.run(SuiteRunner.java:334)
	at org.testng.SuiteRunnerWorker.runSuite(SuiteRunnerWorker.java:52)
	at org.testng.SuiteRunnerWorker.run(SuiteRunnerWorker.java:86)
	at org.testng.TestNG.runSuitesSequentially(TestNG.java:1318)
	at org.testng.TestNG.runSuitesLocally(TestNG.java:1243)
	at org.testng.TestNG.runSuites(TestNG.java:1161)
	at org.testng.TestNG.run(TestNG.java:1129)
	at org.testng.remote.AbstractRemoteTestNG.run(AbstractRemoteTestNG.java:114)
	at org.testng.remote.RemoteTestNG.initAndRun(RemoteTestNG.java:251)
	at org.testng.remote.RemoteTestNG.main(RemoteTestNG.java:77)
]]>
            </full-stacktrace>
          </exception> <!-- java.lang.NullPointerException -->
          <reporter-output>
          </reporter-output>
        </test-method> <!-- switchBtwDifferentAppActivityAndScrollInList -->
        <test-method status="PASS" signature="beforeMethod()[pri:0, instance:com.mobile.automation.scripts.Mobile_Demo@192d3247]" name="beforeMethod" is-config="true" duration-ms="0" started-at="2017-10-25T17:02:33Z" finished-at="2017-10-25T17:02:33Z">
          <reporter-output>
          </reporter-output>
        </test-method> <!-- beforeMethod -->
        <test-method status="PASS" signature="afterMethod()[pri:0, instance:com.mobile.automation.scripts.Mobile_Demo@192d3247]" name="afterMethod" is-config="true" duration-ms="0" started-at="2017-10-25T17:02:37Z" finished-at="2017-10-25T17:02:37Z">
          <reporter-output>
          </reporter-output>
        </test-method> <!-- afterMethod -->
        <test-method status="FAIL" signature="verifySwitchingBtwDifferentViews()[pri:1, instance:com.mobile.automation.scripts.Mobile_Demo@192d3247]" name="verifySwitchingBtwDifferentViews" duration-ms="3026" started-at="2017-10-25T17:02:37Z" finished-at="2017-10-25T17:02:40Z">
          <exception class="java.lang.AssertionError">
            <full-stacktrace>
              <![CDATA[java.lang.AssertionError
	at org.junit.Assert.fail(Assert.java:86)
	at org.junit.Assert.fail(Assert.java:95)
	at com.mobile.automation.scripts.Mobile_Demo.verifySwitchingBtwDifferentViews(Mobile_Demo.java:67)
	at sun.reflect.NativeMethodAccessorImpl.invoke0(Native Method)
	at sun.reflect.NativeMethodAccessorImpl.invoke(Unknown Source)
	at sun.reflect.DelegatingMethodAccessorImpl.invoke(Unknown Source)
	at java.lang.reflect.Method.invoke(Unknown Source)
	at org.testng.internal.MethodInvocationHelper.invokeMethod(MethodInvocationHelper.java:108)
	at org.testng.internal.Invoker.invokeMethod(Invoker.java:669)
	at org.testng.internal.Invoker.invokeTestMethod(Invoker.java:877)
	at org.testng.internal.Invoker.invokeTestMethods(Invoker.java:1201)
	at org.testng.internal.TestMethodWorker.invokeTestMethods(TestMethodWorker.java:125)
	at org.testng.internal.TestMethodWorker.run(TestMethodWorker.java:109)
	at org.testng.TestRunner.privateRun(TestRunner.java:776)
	at org.testng.TestRunner.run(TestRunner.java:634)
	at org.testng.SuiteRunner.runTest(SuiteRunner.java:425)
	at org.testng.SuiteRunner.runSequentially(SuiteRunner.java:420)
	at org.testng.SuiteRunner.privateRun(SuiteRunner.java:385)
	at org.testng.SuiteRunner.run(SuiteRunner.java:334)
	at org.testng.SuiteRunnerWorker.runSuite(SuiteRunnerWorker.java:52)
	at org.testng.SuiteRunnerWorker.run(SuiteRunnerWorker.java:86)
	at org.testng.TestNG.runSuitesSequentially(TestNG.java:1318)
	at org.testng.TestNG.runSuitesLocally(TestNG.java:1243)
	at org.testng.TestNG.runSuites(TestNG.java:1161)
	at org.testng.TestNG.run(TestNG.java:1129)
	at org.testng.remote.AbstractRemoteTestNG.run(AbstractRemoteTestNG.java:114)
	at org.testng.remote.RemoteTestNG.initAndRun(RemoteTestNG.java:251)
	at org.testng.remote.RemoteTestNG.main(RemoteTestNG.java:77)
]]>
            </full-stacktrace>
          </exception> <!-- java.lang.AssertionError -->
          <reporter-output>
          </reporter-output>
        </test-method> <!-- verifySwitchingBtwDifferentViews -->
        <test-method status="PASS" signature="beforeMethod()[pri:0, instance:com.mobile.automation.scripts.Mobile_Demo@192d3247]" name="beforeMethod" is-config="true" duration-ms="0" started-at="2017-10-25T17:02:37Z" finished-at="2017-10-25T17:02:37Z">
          <reporter-output>
          </reporter-output>
        </test-method> <!-- beforeMethod -->
        <test-method status="PASS" signature="afterMethod()[pri:0, instance:com.mobile.automation.scripts.Mobile_Demo@192d3247]" name="afterMethod" is-config="true" duration-ms="0" started-at="2017-10-25T17:02:40Z" finished-at="2017-10-25T17:02:40Z">
          <reporter-output>
          </reporter-output>
        </test-method> <!-- afterMethod -->
        <test-method status="PASS" signature="VerifyMobileGesturesOnRealDevice()[pri:2, instance:com.mobile.automation.scripts.Mobile_Demo@192d3247]" name="VerifyMobileGesturesOnRealDevice" duration-ms="3016" started-at="2017-10-25T17:02:40Z" finished-at="2017-10-25T17:02:43Z">
          <reporter-output>
          </reporter-output>
        </test-method> <!-- VerifyMobileGesturesOnRealDevice -->
        <test-method status="PASS" signature="beforeMethod()[pri:0, instance:com.mobile.automation.scripts.Mobile_Demo@192d3247]" name="beforeMethod" is-config="true" duration-ms="0" started-at="2017-10-25T17:02:40Z" finished-at="2017-10-25T17:02:40Z">
          <reporter-output>
          </reporter-output>
        </test-method> <!-- beforeMethod -->
        <test-method status="PASS" signature="afterMethod()[pri:0, instance:com.mobile.automation.scripts.Mobile_Demo@192d3247]" name="afterMethod" is-config="true" duration-ms="1" started-at="2017-10-25T17:02:43Z" finished-at="2017-10-25T17:02:43Z">
          <reporter-output>
          </reporter-output>
        </test-method> <!-- afterMethod -->
      </class> <!-- com.mobile.automation.scripts.Mobile_Demo -->
    </test> <!-- Default test -->
  </suite> <!-- Default suite -->
</testng-results>
